# JRE version: OpenJDK Runtime Environment (8.0_202-b03) (build 1.8.0_202-release-1483-b03)
# Java VM: OpenJDK 64-Bit Server VM (25.202-b03 mixed mode windows-amd64 compressed oops)
Heap:
 PSYoungGen      total 397824K, used 270670K [0x00000000e0000000, 0x00000000fc780000, 0x0000000100000000)
  eden space 331776K, 81% used [0x00000000e0000000,0x00000000f0853b50,0x00000000f4400000)
  from space 66048K, 0% used [0x00000000f8100000,0x00000000f8100000,0x00000000fc180000)
  to   space 62464K, 0% used [0x00000000f4400000,0x00000000f4400000,0x00000000f8100000)
 ParOldGen       total 205312K, used 111773K [0x00000000a0000000, 0x00000000ac880000, 0x00000000e0000000)
  object space 205312K, 54% used [0x00000000a0000000,0x00000000a6d276d8,0x00000000ac880000)
 Metaspace       used 102434K, capacity 106934K, committed 107096K, reserved 1142784K
  class space    used 12987K, capacity 13879K, committed 13952K, reserved 1048576K
GC Heap History (10 events):
Event: 445.827 GC heap before
{Heap before GC invocations=23 (full 4):
 PSYoungGen      total 246272K, used 213983K [0x00000000e0000000, 0x00000000f6c80000, 0x0000000100000000)
  eden space 208896K, 100% used [0x00000000e0000000,0x00000000ecc00000,0x00000000ecc00000)
  from space 37376K, 13% used [0x00000000f0380000,0x00000000f0877c08,0x00000000f2800000)
  to   space 56832K, 0% used [0x00000000ecc00000,0x00000000ecc00000,0x00000000f0380000)
 ParOldGen       total 178688K, used 99528K [0x00000000a0000000, 0x00000000aae80000, 0x00000000e0000000)
  object space 178688K, 55% used [0x00000000a0000000,0x00000000a6132090,0x00000000aae80000)
 Metaspace       used 97482K, capacity 100994K, committed 101208K, reserved 1136640K
  class space    used 12450K, capacity 13162K, committed 13184K, reserved 1048576K
Event: 445.931 GC heap after
Heap after GC invocations=23 (full 4):
 PSYoungGen      total 265728K, used 32099K [0x00000000e0000000, 0x00000000f7700000, 0x0000000100000000)
  eden space 208896K, 0% used [0x00000000e0000000,0x00000000e0000000,0x00000000ecc00000)
  from space 56832K, 56% used [0x00000000ecc00000,0x00000000eeb58eb0,0x00000000f0380000)
  to   space 57856K, 0% used [0x00000000f3e80000,0x00000000f3e80000,0x00000000f7700000)
 ParOldGen       total 178688K, used 99536K [0x00000000a0000000, 0x00000000aae80000, 0x00000000e0000000)
  object space 178688K, 55% used [0x00000000a0000000,0x00000000a6134090,0x00000000aae80000)
 Metaspace       used 97482K, capacity 100994K, committed 101208K, reserved 1136640K
  class space    used 12450K, capacity 13162K, committed 13184K, reserved 1048576K
}
Event: 452.533 GC heap before
{Heap before GC invocations=24 (full 4):
 PSYoungGen      total 265728K, used 240995K [0x00000000e0000000, 0x00000000f7700000, 0x0000000100000000)
  eden space 208896K, 100% used [0x00000000e0000000,0x00000000ecc00000,0x00000000ecc00000)
  from space 56832K, 56% used [0x00000000ecc00000,0x00000000eeb58eb0,0x00000000f0380000)
  to   space 57856K, 0% used [0x00000000f3e80000,0x00000000f3e80000,0x00000000f7700000)
 ParOldGen       total 178688K, used 99536K [0x00000000a0000000, 0x00000000aae80000, 0x00000000e0000000)
  object space 178688K, 55% used [0x00000000a0000000,0x00000000a6134090,0x00000000aae80000)
 Metaspace       used 100302K, capacity 104612K, committed 104792K, reserved 1140736K
  class space    used 12763K, capacity 13627K, committed 13696K, reserved 1048576K
Event: 452.582 GC heap after
Heap after GC invocations=24 (full 4):
 PSYoungGen      total 316928K, used 3268K [0x00000000e0000000, 0x00000000f7200000, 0x0000000100000000)
  eden space 264192K, 0% used [0x00000000e0000000,0x00000000e0000000,0x00000000f0200000)
  from space 52736K, 6% used [0x00000000f3e80000,0x00000000f41b1060,0x00000000f7200000)
  to   space 57344K, 0% used [0x00000000f0200000,0x00000000f0200000,0x00000000f3a00000)
 ParOldGen       total 178688K, used 115008K [0x00000000a0000000, 0x00000000aae80000, 0x00000000e0000000)
  object space 178688K, 64% used [0x00000000a0000000,0x00000000a70501c8,0x00000000aae80000)
 Metaspace       used 100302K, capacity 104612K, committed 104792K, reserved 1140736K
  class space    used 12763K, capacity 13627K, committed 13696K, reserved 1048576K
}
Event: 461.776 GC heap before
{Heap before GC invocations=25 (full 4):
 PSYoungGen      total 316928K, used 264749K [0x00000000e0000000, 0x00000000f7200000, 0x0000000100000000)
  eden space 264192K, 98% used [0x00000000e0000000,0x00000000eff5a780,0x00000000f0200000)
  from space 52736K, 6% used [0x00000000f3e80000,0x00000000f41b1060,0x00000000f7200000)
  to   space 57344K, 0% used [0x00000000f0200000,0x00000000f0200000,0x00000000f3a00000)
 ParOldGen       total 178688K, used 115008K [0x00000000a0000000, 0x00000000aae80000, 0x00000000e0000000)
  object space 178688K, 64% used [0x00000000a0000000,0x00000000a70501c8,0x00000000aae80000)
 Metaspace       used 101499K, capacity 105824K, committed 105944K, reserved 1140736K
  class space    used 12926K, capacity 13801K, committed 13824K, reserved 1048576K
Event: 461.818 GC heap after
Heap after GC invocations=25 (full 4):
 PSYoungGen      total 321536K, used 54231K [0x00000000e0000000, 0x00000000fc180000, 0x0000000100000000)
  eden space 264192K, 0% used [0x00000000e0000000,0x00000000e0000000,0x00000000f0200000)
  from space 57344K, 94% used [0x00000000f0200000,0x00000000f36f5cf8,0x00000000f3a00000)
  to   space 66048K, 0% used [0x00000000f8100000,0x00000000f8100000,0x00000000fc180000)
 ParOldGen       total 178688K, used 124561K [0x00000000a0000000, 0x00000000aae80000, 0x00000000e0000000)
  object space 178688K, 69% used [0x00000000a0000000,0x00000000a79a4768,0x00000000aae80000)
 Metaspace       used 101499K, capacity 105824K, committed 105944K, reserved 1140736K
  class space    used 12926K, capacity 13801K, committed 13824K, reserved 1048576K
}
Event: 462.500 GC heap before
{Heap before GC invocations=26 (full 4):
 PSYoungGen      total 321536K, used 318246K [0x00000000e0000000, 0x00000000fc180000, 0x0000000100000000)
  eden space 264192K, 99% used [0x00000000e0000000,0x00000000f01d3d90,0x00000000f0200000)
  from space 57344K, 94% used [0x00000000f0200000,0x00000000f36f5cf8,0x00000000f3a00000)
  to   space 66048K, 0% used [0x00000000f8100000,0x00000000f8100000,0x00000000fc180000)
 ParOldGen       total 178688K, used 124561K [0x00000000a0000000, 0x00000000aae80000, 0x00000000e0000000)
  object space 178688K, 69% used [0x00000000a0000000,0x00000000a79a4768,0x00000000aae80000)
 Metaspace       used 101647K, capacity 105992K, committed 106200K, reserved 1142784K
  class space    used 12943K, capacity 13811K, committed 13824K, reserved 1048576K
Event: 462.562 GC heap after
Heap after GC invocations=26 (full 4):
 PSYoungGen      total 397824K, used 23993K [0x00000000e0000000, 0x00000000fc780000, 0x0000000100000000)
  eden space 331776K, 0% used [0x00000000e0000000,0x00000000e0000000,0x00000000f4400000)
  from space 66048K, 36% used [0x00000000f8100000,0x00000000f986e6d8,0x00000000fc180000)
  to   space 62464K, 0% used [0x00000000f4400000,0x00000000f4400000,0x00000000f8100000)
 ParOldGen       total 178688K, used 158900K [0x00000000a0000000, 0x00000000aae80000, 0x00000000e0000000)
  object space 178688K, 88% used [0x00000000a0000000,0x00000000a9b2d058,0x00000000aae80000)
 Metaspace       used 101647K, capacity 105992K, committed 106200K, reserved 1142784K
  class space    used 12943K, capacity 13811K, committed 13824K, reserved 1048576K
}
Event: 462.562 GC heap before
{Heap before GC invocations=27 (full 5):
 PSYoungGen      total 397824K, used 23993K [0x00000000e0000000, 0x00000000fc780000, 0x0000000100000000)
  eden space 331776K, 0% used [0x00000000e0000000,0x00000000e0000000,0x00000000f4400000)
  from space 66048K, 36% used [0x00000000f8100000,0x00000000f986e6d8,0x00000000fc180000)
  to   space 62464K, 0% used [0x00000000f4400000,0x00000000f4400000,0x00000000f8100000)
 ParOldGen       total 178688K, used 158900K [0x00000000a0000000, 0x00000000aae80000, 0x00000000e0000000)
  object space 178688K, 88% used [0x00000000a0000000,0x00000000a9b2d058,0x00000000aae80000)
 Metaspace       used 101647K, capacity 105992K, committed 106200K, reserved 1142784K
  class space    used 12943K, capacity 13811K, committed 13824K, reserved 1048576K
Event: 462.842 GC heap after
Heap after GC invocations=27 (full 5):
 PSYoungGen      total 397824K, used 0K [0x00000000e0000000, 0x00000000fc780000, 0x0000000100000000)
  eden space 331776K, 0% used [0x00000000e0000000,0x00000000e0000000,0x00000000f4400000)
  from space 66048K, 0% used [0x00000000f8100000,0x00000000f8100000,0x00000000fc180000)
  to   space 62464K, 0% used [0x00000000f4400000,0x00000000f4400000,0x00000000f8100000)
 ParOldGen       total 205312K, used 111773K [0x00000000a0000000, 0x00000000ac880000, 0x00000000e0000000)
  object space 205312K, 54% used [0x00000000a0000000,0x00000000a6d276d8,0x00000000ac880000)
 Metaspace       used 101632K, capacity 105950K, committed 106200K, reserved 1142784K
  class space    used 12938K, capacity 13802K, committed 13824K, reserved 1048576K
}

