# JRE version: OpenJDK Runtime Environment (8.0_202-b03) (build 1.8.0_202-release-1483-b03)
# Java VM: OpenJDK 64-Bit Server VM (25.202-b03 mixed mode windows-amd64 compressed oops)
Heap:
 PSYoungGen      total 196608K, used 90611K [0x00000000e0000000, 0x00000000efe00000, 0x0000000100000000)
  eden space 183296K, 42% used [0x00000000e0000000,0x00000000e4b7d2b0,0x00000000eb300000)
  from space 13312K, 99% used [0x00000000eb300000,0x00000000ebfffa80,0x00000000ec000000)
  to   space 17920K, 0% used [0x00000000eec80000,0x00000000eec80000,0x00000000efe00000)
 ParOldGen       total 58368K, used 22941K [0x00000000a0000000, 0x00000000a3900000, 0x00000000e0000000)
  object space 58368K, 39% used [0x00000000a0000000,0x00000000a16676a8,0x00000000a3900000)
 Metaspace       used 49550K, capacity 50680K, committed 50776K, reserved 1093632K
  class space    used 6638K, capacity 6991K, committed 7040K, reserved 1048576K
GC Heap History (10 events):
Event: 5.955 GC heap before
{Heap before GC invocations=7 (full 1):
 PSYoungGen      total 127488K, used 3826K [0x00000000e0000000, 0x00000000e8600000, 0x0000000100000000)
  eden space 118784K, 0% used [0x00000000e0000000,0x00000000e0000000,0x00000000e7400000)
  from space 8704K, 43% used [0x00000000e7d80000,0x00000000e813c9c0,0x00000000e8600000)
  to   space 9216K, 0% used [0x00000000e7400000,0x00000000e7400000,0x00000000e7d00000)
 ParOldGen       total 38400K, used 14323K [0x00000000a0000000, 0x00000000a2580000, 0x00000000e0000000)
  object space 38400K, 37% used [0x00000000a0000000,0x00000000a0dfcf98,0x00000000a2580000)
 Metaspace       used 20747K, capacity 21114K, committed 21248K, reserved 1067008K
  class space    used 2896K, capacity 3039K, committed 3072K, reserved 1048576K
Event: 6.019 GC heap after
Heap after GC invocations=7 (full 1):
 PSYoungGen      total 127488K, used 0K [0x00000000e0000000, 0x00000000e8600000, 0x0000000100000000)
  eden space 118784K, 0% used [0x00000000e0000000,0x00000000e0000000,0x00000000e7400000)
  from space 8704K, 0% used [0x00000000e7d80000,0x00000000e7d80000,0x00000000e8600000)
  to   space 9216K, 0% used [0x00000000e7400000,0x00000000e7400000,0x00000000e7d00000)
 ParOldGen       total 44032K, used 14955K [0x00000000a0000000, 0x00000000a2b00000, 0x00000000e0000000)
  object space 44032K, 33% used [0x00000000a0000000,0x00000000a0e9ad30,0x00000000a2b00000)
 Metaspace       used 20747K, capacity 21114K, committed 21248K, reserved 1067008K
  class space    used 2896K, capacity 3039K, committed 3072K, reserved 1048576K
}
Event: 8.323 GC heap before
{Heap before GC invocations=8 (full 1):
 PSYoungGen      total 127488K, used 118784K [0x00000000e0000000, 0x00000000e8600000, 0x0000000100000000)
  eden space 118784K, 100% used [0x00000000e0000000,0x00000000e7400000,0x00000000e7400000)
  from space 8704K, 0% used [0x00000000e7d80000,0x00000000e7d80000,0x00000000e8600000)
  to   space 9216K, 0% used [0x00000000e7400000,0x00000000e7400000,0x00000000e7d00000)
 ParOldGen       total 44032K, used 14955K [0x00000000a0000000, 0x00000000a2b00000, 0x00000000e0000000)
  object space 44032K, 33% used [0x00000000a0000000,0x00000000a0e9ad30,0x00000000a2b00000)
 Metaspace       used 29084K, capacity 29492K, committed 29824K, reserved 1075200K
  class space    used 4032K, capacity 4185K, committed 4224K, reserved 1048576K
Event: 8.354 GC heap after
Heap after GC invocations=8 (full 1):
 PSYoungGen      total 128000K, used 9214K [0x00000000e0000000, 0x00000000ecd80000, 0x0000000100000000)
  eden space 118784K, 0% used [0x00000000e0000000,0x00000000e0000000,0x00000000e7400000)
  from space 9216K, 99% used [0x00000000e7400000,0x00000000e7cff8c8,0x00000000e7d00000)
  to   space 11776K, 0% used [0x00000000ec200000,0x00000000ec200000,0x00000000ecd80000)
 ParOldGen       total 44032K, used 17405K [0x00000000a0000000, 0x00000000a2b00000, 0x00000000e0000000)
  object space 44032K, 39% used [0x00000000a0000000,0x00000000a10ff4b8,0x00000000a2b00000)
 Metaspace       used 29084K, capacity 29492K, committed 29824K, reserved 1075200K
  class space    used 4032K, capacity 4185K, committed 4224K, reserved 1048576K
}
Event: 10.990 GC heap before
{Heap before GC invocations=9 (full 1):
 PSYoungGen      total 128000K, used 63233K [0x00000000e0000000, 0x00000000ecd80000, 0x0000000100000000)
  eden space 118784K, 45% used [0x00000000e0000000,0x00000000e34c0e80,0x00000000e7400000)
  from space 9216K, 99% used [0x00000000e7400000,0x00000000e7cff8c8,0x00000000e7d00000)
  to   space 11776K, 0% used [0x00000000ec200000,0x00000000ec200000,0x00000000ecd80000)
 ParOldGen       total 44032K, used 17405K [0x00000000a0000000, 0x00000000a2b00000, 0x00000000e0000000)
  object space 44032K, 39% used [0x00000000a0000000,0x00000000a10ff4b8,0x00000000a2b00000)
 Metaspace       used 34697K, capacity 35274K, committed 35416K, reserved 1079296K
  class space    used 4755K, capacity 4964K, committed 4992K, reserved 1048576K
Event: 11.009 GC heap after
Heap after GC invocations=9 (full 1):
 PSYoungGen      total 194560K, used 10800K [0x00000000e0000000, 0x00000000ecd00000, 0x0000000100000000)
  eden space 183296K, 0% used [0x00000000e0000000,0x00000000e0000000,0x00000000eb300000)
  from space 11264K, 95% used [0x00000000ec200000,0x00000000ecc8c280,0x00000000ecd00000)
  to   space 13312K, 0% used [0x00000000eb300000,0x00000000eb300000,0x00000000ec000000)
 ParOldGen       total 44032K, used 17413K [0x00000000a0000000, 0x00000000a2b00000, 0x00000000e0000000)
  object space 44032K, 39% used [0x00000000a0000000,0x00000000a11014b8,0x00000000a2b00000)
 Metaspace       used 34697K, capacity 35274K, committed 35416K, reserved 1079296K
  class space    used 4755K, capacity 4964K, committed 4992K, reserved 1048576K
}
Event: 11.010 GC heap before
{Heap before GC invocations=10 (full 2):
 PSYoungGen      total 194560K, used 10800K [0x00000000e0000000, 0x00000000ecd00000, 0x0000000100000000)
  eden space 183296K, 0% used [0x00000000e0000000,0x00000000e0000000,0x00000000eb300000)
  from space 11264K, 95% used [0x00000000ec200000,0x00000000ecc8c280,0x00000000ecd00000)
  to   space 13312K, 0% used [0x00000000eb300000,0x00000000eb300000,0x00000000ec000000)
 ParOldGen       total 44032K, used 17413K [0x00000000a0000000, 0x00000000a2b00000, 0x00000000e0000000)
  object space 44032K, 39% used [0x00000000a0000000,0x00000000a11014b8,0x00000000a2b00000)
 Metaspace       used 34697K, capacity 35274K, committed 35416K, reserved 1079296K
  class space    used 4755K, capacity 4964K, committed 4992K, reserved 1048576K
Event: 11.133 GC heap after
Heap after GC invocations=10 (full 2):
 PSYoungGen      total 194560K, used 0K [0x00000000e0000000, 0x00000000ecd00000, 0x0000000100000000)
  eden space 183296K, 0% used [0x00000000e0000000,0x00000000e0000000,0x00000000eb300000)
  from space 11264K, 0% used [0x00000000ec200000,0x00000000ec200000,0x00000000ecd00000)
  to   space 13312K, 0% used [0x00000000eb300000,0x00000000eb300000,0x00000000ec000000)
 ParOldGen       total 58368K, used 17339K [0x00000000a0000000, 0x00000000a3900000, 0x00000000e0000000)
  object space 58368K, 29% used [0x00000000a0000000,0x00000000a10eee40,0x00000000a3900000)
 Metaspace       used 34697K, capacity 35274K, committed 35416K, reserved 1079296K
  class space    used 4755K, capacity 4964K, committed 4992K, reserved 1048576K
}
Event: 21.025 GC heap before
{Heap before GC invocations=11 (full 2):
 PSYoungGen      total 194560K, used 183296K [0x00000000e0000000, 0x00000000ecd00000, 0x0000000100000000)
  eden space 183296K, 100% used [0x00000000e0000000,0x00000000eb300000,0x00000000eb300000)
  from space 11264K, 0% used [0x00000000ec200000,0x00000000ec200000,0x00000000ecd00000)
  to   space 13312K, 0% used [0x00000000eb300000,0x00000000eb300000,0x00000000ec000000)
 ParOldGen       total 58368K, used 17339K [0x00000000a0000000, 0x00000000a3900000, 0x00000000e0000000)
  object space 58368K, 29% used [0x00000000a0000000,0x00000000a10eee40,0x00000000a3900000)
 Metaspace       used 45571K, capacity 46588K, committed 46936K, reserved 1089536K
  class space    used 6118K, capacity 6447K, committed 6528K, reserved 1048576K
Event: 21.059 GC heap after
Heap after GC invocations=11 (full 2):
 PSYoungGen      total 196608K, used 13310K [0x00000000e0000000, 0x00000000efe00000, 0x0000000100000000)
  eden space 183296K, 0% used [0x00000000e0000000,0x00000000e0000000,0x00000000eb300000)
  from space 13312K, 99% used [0x00000000eb300000,0x00000000ebfffa80,0x00000000ec000000)
  to   space 17920K, 0% used [0x00000000eec80000,0x00000000eec80000,0x00000000efe00000)
 ParOldGen       total 58368K, used 22941K [0x00000000a0000000, 0x00000000a3900000, 0x00000000e0000000)
  object space 58368K, 39% used [0x00000000a0000000,0x00000000a16676a8,0x00000000a3900000)
 Metaspace       used 45571K, capacity 46588K, committed 46936K, reserved 1089536K
  class space    used 6118K, capacity 6447K, committed 6528K, reserved 1048576K
}

