# JRE version: OpenJDK Runtime Environment (8.0_202-b03) (build 1.8.0_202-release-1483-b03)
# Java VM: OpenJDK 64-Bit Server VM (25.202-b03 mixed mode windows-amd64 compressed oops)
Heap:
 PSYoungGen      total 28672K, used 8490K [0x00000000e0000000, 0x00000000e2080000, 0x0000000100000000)
  eden space 24064K, 24% used [0x00000000e0000000,0x00000000e05a8470,0x00000000e1780000)
  from space 4608K, 58% used [0x00000000e1c00000,0x00000000e1ea2780,0x00000000e2080000)
  to   space 4608K, 0% used [0x00000000e1780000,0x00000000e1780000,0x00000000e1c00000)
 ParOldGen       total 38400K, used 9014K [0x00000000a0000000, 0x00000000a2580000, 0x00000000e0000000)
  object space 38400K, 23% used [0x00000000a0000000,0x00000000a08cda78,0x00000000a2580000)
 Metaspace       used 19703K, capacity 20122K, committed 20352K, reserved 1067008K
  class space    used 2738K, capacity 2879K, committed 2944K, reserved 1048576K
GC Heap History (10 events):
Event: 16.597 GC heap before
{Heap before GC invocations=6 (full 0):
 PSYoungGen      total 16896K, used 16880K [0x00000000e0000000, 0x00000000e1780000, 0x0000000100000000)
  eden space 14848K, 100% used [0x00000000e0000000,0x00000000e0e80000,0x00000000e0e80000)
  from space 2048K, 99% used [0x00000000e0e80000,0x00000000e107c010,0x00000000e1080000)
  to   space 4608K, 0% used [0x00000000e1300000,0x00000000e1300000,0x00000000e1780000)
 ParOldGen       total 38400K, used 5521K [0x00000000a0000000, 0x00000000a2580000, 0x00000000e0000000)
  object space 38400K, 14% used [0x00000000a0000000,0x00000000a0564470,0x00000000a2580000)
 Metaspace       used 12744K, capacity 13028K, committed 13184K, reserved 1060864K
  class space    used 1769K, capacity 1876K, committed 1920K, reserved 1048576K
Event: 16.605 GC heap after
Heap after GC invocations=6 (full 0):
 PSYoungGen      total 19456K, used 3855K [0x00000000e0000000, 0x00000000e1780000, 0x0000000100000000)
  eden space 14848K, 0% used [0x00000000e0000000,0x00000000e0000000,0x00000000e0e80000)
  from space 4608K, 83% used [0x00000000e1300000,0x00000000e16c3d90,0x00000000e1780000)
  to   space 4608K, 0% used [0x00000000e0e80000,0x00000000e0e80000,0x00000000e1300000)
 ParOldGen       total 38400K, used 5529K [0x00000000a0000000, 0x00000000a2580000, 0x00000000e0000000)
  object space 38400K, 14% used [0x00000000a0000000,0x00000000a0566470,0x00000000a2580000)
 Metaspace       used 12744K, capacity 13028K, committed 13184K, reserved 1060864K
  class space    used 1769K, capacity 1876K, committed 1920K, reserved 1048576K
}
Event: 17.282 GC heap before
{Heap before GC invocations=7 (full 0):
 PSYoungGen      total 19456K, used 18703K [0x00000000e0000000, 0x00000000e1780000, 0x0000000100000000)
  eden space 14848K, 100% used [0x00000000e0000000,0x00000000e0e80000,0x00000000e0e80000)
  from space 4608K, 83% used [0x00000000e1300000,0x00000000e16c3d90,0x00000000e1780000)
  to   space 4608K, 0% used [0x00000000e0e80000,0x00000000e0e80000,0x00000000e1300000)
 ParOldGen       total 38400K, used 5529K [0x00000000a0000000, 0x00000000a2580000, 0x00000000e0000000)
  object space 38400K, 14% used [0x00000000a0000000,0x00000000a0566470,0x00000000a2580000)
 Metaspace       used 13554K, capacity 13928K, committed 14208K, reserved 1060864K
  class space    used 1925K, capacity 2070K, committed 2176K, reserved 1048576K
Event: 17.289 GC heap after
Heap after GC invocations=7 (full 0):
 PSYoungGen      total 19456K, used 3046K [0x00000000e0000000, 0x00000000e1780000, 0x0000000100000000)
  eden space 14848K, 0% used [0x00000000e0000000,0x00000000e0000000,0x00000000e0e80000)
  from space 4608K, 66% used [0x00000000e0e80000,0x00000000e1179a70,0x00000000e1300000)
  to   space 4608K, 0% used [0x00000000e1300000,0x00000000e1300000,0x00000000e1780000)
 ParOldGen       total 38400K, used 6209K [0x00000000a0000000, 0x00000000a2580000, 0x00000000e0000000)
  object space 38400K, 16% used [0x00000000a0000000,0x00000000a0610490,0x00000000a2580000)
 Metaspace       used 13554K, capacity 13928K, committed 14208K, reserved 1060864K
  class space    used 1925K, capacity 2070K, committed 2176K, reserved 1048576K
}
Event: 17.963 GC heap before
{Heap before GC invocations=8 (full 0):
 PSYoungGen      total 19456K, used 17894K [0x00000000e0000000, 0x00000000e1780000, 0x0000000100000000)
  eden space 14848K, 100% used [0x00000000e0000000,0x00000000e0e80000,0x00000000e0e80000)
  from space 4608K, 66% used [0x00000000e0e80000,0x00000000e1179a70,0x00000000e1300000)
  to   space 4608K, 0% used [0x00000000e1300000,0x00000000e1300000,0x00000000e1780000)
 ParOldGen       total 38400K, used 6209K [0x00000000a0000000, 0x00000000a2580000, 0x00000000e0000000)
  object space 38400K, 16% used [0x00000000a0000000,0x00000000a0610490,0x00000000a2580000)
 Metaspace       used 15306K, capacity 15636K, committed 15872K, reserved 1062912K
  class space    used 2188K, capacity 2302K, committed 2304K, reserved 1048576K
Event: 17.981 GC heap after
Heap after GC invocations=8 (full 0):
 PSYoungGen      total 19456K, used 3620K [0x00000000e0000000, 0x00000000e2600000, 0x0000000100000000)
  eden space 14848K, 0% used [0x00000000e0000000,0x00000000e0000000,0x00000000e0e80000)
  from space 4608K, 78% used [0x00000000e1300000,0x00000000e16892e0,0x00000000e1780000)
  to   space 4608K, 0% used [0x00000000e0e80000,0x00000000e0e80000,0x00000000e1300000)
 ParOldGen       total 38400K, used 6913K [0x00000000a0000000, 0x00000000a2580000, 0x00000000e0000000)
  object space 38400K, 18% used [0x00000000a0000000,0x00000000a06c04b0,0x00000000a2580000)
 Metaspace       used 15306K, capacity 15636K, committed 15872K, reserved 1062912K
  class space    used 2188K, capacity 2302K, committed 2304K, reserved 1048576K
}
Event: 18.563 GC heap before
{Heap before GC invocations=9 (full 0):
 PSYoungGen      total 19456K, used 18468K [0x00000000e0000000, 0x00000000e2600000, 0x0000000100000000)
  eden space 14848K, 100% used [0x00000000e0000000,0x00000000e0e80000,0x00000000e0e80000)
  from space 4608K, 78% used [0x00000000e1300000,0x00000000e16892e0,0x00000000e1780000)
  to   space 4608K, 0% used [0x00000000e0e80000,0x00000000e0e80000,0x00000000e1300000)
 ParOldGen       total 38400K, used 6913K [0x00000000a0000000, 0x00000000a2580000, 0x00000000e0000000)
  object space 38400K, 18% used [0x00000000a0000000,0x00000000a06c04b0,0x00000000a2580000)
 Metaspace       used 16598K, capacity 16980K, committed 17152K, reserved 1064960K
  class space    used 2391K, capacity 2558K, committed 2560K, reserved 1048576K
Event: 18.572 GC heap after
Heap after GC invocations=9 (full 0):
 PSYoungGen      total 19456K, used 2675K [0x00000000e0000000, 0x00000000e2080000, 0x0000000100000000)
  eden space 14848K, 0% used [0x00000000e0000000,0x00000000e0000000,0x00000000e0e80000)
  from space 4608K, 58% used [0x00000000e0e80000,0x00000000e111cc58,0x00000000e1300000)
  to   space 4608K, 0% used [0x00000000e1c00000,0x00000000e1c00000,0x00000000e2080000)
 ParOldGen       total 38400K, used 7935K [0x00000000a0000000, 0x00000000a2580000, 0x00000000e0000000)
  object space 38400K, 20% used [0x00000000a0000000,0x00000000a07bfd58,0x00000000a2580000)
 Metaspace       used 16598K, capacity 16980K, committed 17152K, reserved 1064960K
  class space    used 2391K, capacity 2558K, committed 2560K, reserved 1048576K
}
Event: 19.936 GC heap before
{Heap before GC invocations=10 (full 0):
 PSYoungGen      total 19456K, used 17523K [0x00000000e0000000, 0x00000000e2080000, 0x0000000100000000)
  eden space 14848K, 100% used [0x00000000e0000000,0x00000000e0e80000,0x00000000e0e80000)
  from space 4608K, 58% used [0x00000000e0e80000,0x00000000e111cc58,0x00000000e1300000)
  to   space 4608K, 0% used [0x00000000e1c00000,0x00000000e1c00000,0x00000000e2080000)
 ParOldGen       total 38400K, used 7935K [0x00000000a0000000, 0x00000000a2580000, 0x00000000e0000000)
  object space 38400K, 20% used [0x00000000a0000000,0x00000000a07bfd58,0x00000000a2580000)
 Metaspace       used 18494K, capacity 18810K, committed 18944K, reserved 1064960K
  class space    used 2655K, capacity 2783K, committed 2816K, reserved 1048576K
Event: 19.950 GC heap after
Heap after GC invocations=10 (full 0):
 PSYoungGen      total 28672K, used 2697K [0x00000000e0000000, 0x00000000e2080000, 0x0000000100000000)
  eden space 24064K, 0% used [0x00000000e0000000,0x00000000e0000000,0x00000000e1780000)
  from space 4608K, 58% used [0x00000000e1c00000,0x00000000e1ea2780,0x00000000e2080000)
  to   space 4608K, 0% used [0x00000000e1780000,0x00000000e1780000,0x00000000e1c00000)
 ParOldGen       total 38400K, used 9014K [0x00000000a0000000, 0x00000000a2580000, 0x00000000e0000000)
  object space 38400K, 23% used [0x00000000a0000000,0x00000000a08cda78,0x00000000a2580000)
 Metaspace       used 18494K, capacity 18810K, committed 18944K, reserved 1064960K
  class space    used 2655K, capacity 2783K, committed 2816K, reserved 1048576K
}

