# JRE version: OpenJDK Runtime Environment (8.0_202-b03) (build 1.8.0_202-release-1483-b03)
# Java VM: OpenJDK 64-Bit Server VM (25.202-b03 mixed mode windows-amd64 compressed oops)
Heap:
 PSYoungGen      total 406528K, used 109130K [0x00000000e0000000, 0x00000000ffa80000, 0x0000000100000000)
  eden space 296448K, 36% used [0x00000000e0000000,0x00000000e6a929c8,0x00000000f2180000)
  from space 110080K, 0% used [0x00000000f8f00000,0x00000000f8f00000,0x00000000ffa80000)
  to   space 111104K, 0% used [0x00000000f2180000,0x00000000f2180000,0x00000000f8e00000)
 ParOldGen       total 195072K, used 34845K [0x00000000a0000000, 0x00000000abe80000, 0x00000000e0000000)
  object space 195072K, 17% used [0x00000000a0000000,0x00000000a2207470,0x00000000abe80000)
 Metaspace       used 105342K, capacity 109542K, committed 161484K, reserved 1185792K
  class space    used 12898K, capacity 13715K, committed 24576K, reserved 1048576K
GC Heap History (10 events):
Event: 3953.876 GC heap before
{Heap before GC invocations=60 (full 9):
 PSYoungGen      total 404480K, used 2080K [0x00000000e0000000, 0x0000000100000000, 0x0000000100000000)
  eden space 293376K, 0% used [0x00000000e0000000,0x00000000e0000000,0x00000000f1e80000)
  from space 111104K, 1% used [0x00000000f1e80000,0x00000000f2088010,0x00000000f8b00000)
  to   space 110080K, 0% used [0x00000000f9480000,0x00000000f9480000,0x0000000100000000)
 ParOldGen       total 253440K, used 222579K [0x00000000a0000000, 0x00000000af780000, 0x00000000e0000000)
  object space 253440K, 87% used [0x00000000a0000000,0x00000000ad95ce50,0x00000000af780000)
 Metaspace       used 195676K, capacity 201976K, committed 202444K, reserved 1226752K
  class space    used 23271K, capacity 24488K, committed 24576K, reserved 1048576K
Event: 3976.331 GC heap after
Heap after GC invocations=60 (full 9):
 PSYoungGen      total 404480K, used 0K [0x00000000e0000000, 0x0000000100000000, 0x0000000100000000)
  eden space 293376K, 0% used [0x00000000e0000000,0x00000000e0000000,0x00000000f1e80000)
  from space 111104K, 0% used [0x00000000f1e80000,0x00000000f1e80000,0x00000000f8b00000)
  to   space 110080K, 0% used [0x00000000f9480000,0x00000000f9480000,0x0000000100000000)
 ParOldGen       total 195072K, used 74812K [0x00000000a0000000, 0x00000000abe80000, 0x00000000e0000000)
  object space 195072K, 38% used [0x00000000a0000000,0x00000000a490f2b8,0x00000000abe80000)
 Metaspace       used 165858K, capacity 171876K, committed 192204K, reserved 1216512K
  class space    used 19883K, capacity 21028K, committed 24576K, reserved 1048576K
}
Event: 3984.811 GC heap before
{Heap before GC invocations=61 (full 9):
 PSYoungGen      total 404480K, used 285753K [0x00000000e0000000, 0x0000000100000000, 0x0000000100000000)
  eden space 293376K, 97% used [0x00000000e0000000,0x00000000f170e7b8,0x00000000f1e80000)
  from space 111104K, 0% used [0x00000000f1e80000,0x00000000f1e80000,0x00000000f8b00000)
  to   space 110080K, 0% used [0x00000000f9480000,0x00000000f9480000,0x0000000100000000)
 ParOldGen       total 195072K, used 74812K [0x00000000a0000000, 0x00000000abe80000, 0x00000000e0000000)
  object space 195072K, 38% used [0x00000000a0000000,0x00000000a490f2b8,0x00000000abe80000)
 Metaspace       used 165863K, capacity 171882K, committed 192204K, reserved 1216512K
  class space    used 19883K, capacity 21029K, committed 24576K, reserved 1048576K
Event: 3986.311 GC heap after
Heap after GC invocations=61 (full 9):
 PSYoungGen      total 398848K, used 75258K [0x00000000e0000000, 0x0000000100000000, 0x0000000100000000)
  eden space 288768K, 0% used [0x00000000e0000000,0x00000000e0000000,0x00000000f1a00000)
  from space 110080K, 68% used [0x00000000f9480000,0x00000000fddfe840,0x0000000100000000)
  to   space 117760K, 0% used [0x00000000f1a00000,0x00000000f1a00000,0x00000000f8d00000)
 ParOldGen       total 195072K, used 74820K [0x00000000a0000000, 0x00000000abe80000, 0x00000000e0000000)
  object space 195072K, 38% used [0x00000000a0000000,0x00000000a49112b8,0x00000000abe80000)
 Metaspace       used 165863K, capacity 171882K, committed 192204K, reserved 1216512K
  class space    used 19883K, capacity 21029K, committed 24576K, reserved 1048576K
}
Event: 3986.760 GC heap before
{Heap before GC invocations=62 (full 9):
 PSYoungGen      total 398848K, used 363199K [0x00000000e0000000, 0x0000000100000000, 0x0000000100000000)
  eden space 288768K, 99% used [0x00000000e0000000,0x00000000f1931570,0x00000000f1a00000)
  from space 110080K, 68% used [0x00000000f9480000,0x00000000fddfe840,0x0000000100000000)
  to   space 117760K, 0% used [0x00000000f1a00000,0x00000000f1a00000,0x00000000f8d00000)
 ParOldGen       total 195072K, used 74820K [0x00000000a0000000, 0x00000000abe80000, 0x00000000e0000000)
  object space 195072K, 38% used [0x00000000a0000000,0x00000000a49112b8,0x00000000abe80000)
 Metaspace       used 165863K, capacity 171882K, committed 192204K, reserved 1216512K
  class space    used 19883K, capacity 21029K, committed 24576K, reserved 1048576K
Event: 3988.088 GC heap after
Heap after GC invocations=62 (full 9):
 PSYoungGen      total 406528K, used 23759K [0x00000000e0000000, 0x00000000ffc80000, 0x0000000100000000)
  eden space 288768K, 0% used [0x00000000e0000000,0x00000000e0000000,0x00000000f1a00000)
  from space 117760K, 20% used [0x00000000f1a00000,0x00000000f3133cf0,0x00000000f8d00000)
  to   space 112128K, 0% used [0x00000000f8f00000,0x00000000f8f00000,0x00000000ffc80000)
 ParOldGen       total 195072K, used 109319K [0x00000000a0000000, 0x00000000abe80000, 0x00000000e0000000)
  object space 195072K, 56% used [0x00000000a0000000,0x00000000a6ac1df8,0x00000000abe80000)
 Metaspace       used 165863K, capacity 171882K, committed 192204K, reserved 1216512K
  class space    used 19883K, capacity 21029K, committed 24576K, reserved 1048576K
}
Event: 7576.367 GC heap before
{Heap before GC invocations=63 (full 9):
 PSYoungGen      total 406528K, used 143921K [0x00000000e0000000, 0x00000000ffc80000, 0x0000000100000000)
  eden space 288768K, 41% used [0x00000000e0000000,0x00000000e7558710,0x00000000f1a00000)
  from space 117760K, 20% used [0x00000000f1a00000,0x00000000f3133cf0,0x00000000f8d00000)
  to   space 112128K, 0% used [0x00000000f8f00000,0x00000000f8f00000,0x00000000ffc80000)
 ParOldGen       total 195072K, used 109319K [0x00000000a0000000, 0x00000000abe80000, 0x00000000e0000000)
  object space 195072K, 56% used [0x00000000a0000000,0x00000000a6ac1df8,0x00000000abe80000)
 Metaspace       used 165906K, capacity 171882K, committed 192204K, reserved 1216512K
  class space    used 19892K, capacity 21029K, committed 24576K, reserved 1048576K
Event: 7583.581 GC heap after
Heap after GC invocations=63 (full 9):
 PSYoungGen      total 406528K, used 320K [0x00000000e0000000, 0x00000000ffa80000, 0x0000000100000000)
  eden space 296448K, 0% used [0x00000000e0000000,0x00000000e0000000,0x00000000f2180000)
  from space 110080K, 0% used [0x00000000f8f00000,0x00000000f8f50000,0x00000000ffa80000)
  to   space 111104K, 0% used [0x00000000f2180000,0x00000000f2180000,0x00000000f8e00000)
 ParOldGen       total 195072K, used 109613K [0x00000000a0000000, 0x00000000abe80000, 0x00000000e0000000)
  object space 195072K, 56% used [0x00000000a0000000,0x00000000a6b0b4a0,0x00000000abe80000)
 Metaspace       used 165906K, capacity 171882K, committed 192204K, reserved 1216512K
  class space    used 19892K, capacity 21029K, committed 24576K, reserved 1048576K
}
Event: 7583.592 GC heap before
{Heap before GC invocations=64 (full 10):
 PSYoungGen      total 406528K, used 320K [0x00000000e0000000, 0x00000000ffa80000, 0x0000000100000000)
  eden space 296448K, 0% used [0x00000000e0000000,0x00000000e0000000,0x00000000f2180000)
  from space 110080K, 0% used [0x00000000f8f00000,0x00000000f8f50000,0x00000000ffa80000)
  to   space 111104K, 0% used [0x00000000f2180000,0x00000000f2180000,0x00000000f8e00000)
 ParOldGen       total 195072K, used 109613K [0x00000000a0000000, 0x00000000abe80000, 0x00000000e0000000)
  object space 195072K, 56% used [0x00000000a0000000,0x00000000a6b0b4a0,0x00000000abe80000)
 Metaspace       used 165906K, capacity 171882K, committed 192204K, reserved 1216512K
  class space    used 19892K, capacity 21029K, committed 24576K, reserved 1048576K
Event: 7613.228 GC heap after
Heap after GC invocations=64 (full 10):
 PSYoungGen      total 406528K, used 0K [0x00000000e0000000, 0x00000000ffa80000, 0x0000000100000000)
  eden space 296448K, 0% used [0x00000000e0000000,0x00000000e0000000,0x00000000f2180000)
  from space 110080K, 0% used [0x00000000f8f00000,0x00000000f8f00000,0x00000000ffa80000)
  to   space 111104K, 0% used [0x00000000f2180000,0x00000000f2180000,0x00000000f8e00000)
 ParOldGen       total 195072K, used 34845K [0x00000000a0000000, 0x00000000abe80000, 0x00000000e0000000)
  object space 195072K, 17% used [0x00000000a0000000,0x00000000a2207470,0x00000000abe80000)
 Metaspace       used 105140K, capacity 109152K, committed 161484K, reserved 1185792K
  class space    used 12842K, capacity 13605K, committed 24576K, reserved 1048576K
}

