# JRE version: OpenJDK Runtime Environment (8.0_202-b03) (build 1.8.0_202-release-1483-b03)
# Java VM: OpenJDK 64-Bit Server VM (25.202-b03 mixed mode windows-amd64 compressed oops)
Heap:
 PSYoungGen      total 16896K, used 5614K [0x00000000ed580000, 0x00000000ee800000, 0x0000000100000000)
  eden space 14848K, 24% used [0x00000000ed580000,0x00000000ed8ffbc8,0x00000000ee400000)
  from space 2048K, 99% used [0x00000000ee600000,0x00000000ee7fc010,0x00000000ee800000)
  to   space 2048K, 0% used [0x00000000ee400000,0x00000000ee400000,0x00000000ee600000)
 ParOldGen       total 38400K, used 2197K [0x00000000c8000000, 0x00000000ca580000, 0x00000000ed580000)
  object space 38400K, 5% used [0x00000000c8000000,0x00000000c8225690,0x00000000ca580000)
 Metaspace       used 10319K, capacity 10598K, committed 10752K, reserved 1058816K
  class space    used 1361K, capacity 1469K, committed 1536K, reserved 1048576K
GC Heap History (4 events):
Event: 11.199 GC heap before
{Heap before GC invocations=1 (full 0):
 PSYoungGen      total 16896K, used 14848K [0x00000000ed580000, 0x00000000ee800000, 0x0000000100000000)
  eden space 14848K, 100% used [0x00000000ed580000,0x00000000ee400000,0x00000000ee400000)
  from space 2048K, 0% used [0x00000000ee600000,0x00000000ee600000,0x00000000ee800000)
  to   space 2048K, 0% used [0x00000000ee400000,0x00000000ee400000,0x00000000ee600000)
 ParOldGen       total 38400K, used 0K [0x00000000c8000000, 0x00000000ca580000, 0x00000000ed580000)
  object space 38400K, 0% used [0x00000000c8000000,0x00000000c8000000,0x00000000ca580000)
 Metaspace       used 6104K, capacity 6348K, committed 6528K, reserved 1056768K
  class space    used 754K, capacity 836K, committed 896K, reserved 1048576K
Event: 11.206 GC heap after
Heap after GC invocations=1 (full 0):
 PSYoungGen      total 16896K, used 2017K [0x00000000ed580000, 0x00000000ee800000, 0x0000000100000000)
  eden space 14848K, 0% used [0x00000000ed580000,0x00000000ed580000,0x00000000ee400000)
  from space 2048K, 98% used [0x00000000ee400000,0x00000000ee5f8768,0x00000000ee600000)
  to   space 2048K, 0% used [0x00000000ee600000,0x00000000ee600000,0x00000000ee800000)
 ParOldGen       total 38400K, used 645K [0x00000000c8000000, 0x00000000ca580000, 0x00000000ed580000)
  object space 38400K, 1% used [0x00000000c8000000,0x00000000c80a1408,0x00000000ca580000)
 Metaspace       used 6104K, capacity 6348K, committed 6528K, reserved 1056768K
  class space    used 754K, capacity 836K, committed 896K, reserved 1048576K
}
Event: 12.043 GC heap before
{Heap before GC invocations=2 (full 0):
 PSYoungGen      total 16896K, used 16865K [0x00000000ed580000, 0x00000000ee800000, 0x0000000100000000)
  eden space 14848K, 100% used [0x00000000ed580000,0x00000000ee400000,0x00000000ee400000)
  from space 2048K, 98% used [0x00000000ee400000,0x00000000ee5f8768,0x00000000ee600000)
  to   space 2048K, 0% used [0x00000000ee600000,0x00000000ee600000,0x00000000ee800000)
 ParOldGen       total 38400K, used 645K [0x00000000c8000000, 0x00000000ca580000, 0x00000000ed580000)
  object space 38400K, 1% used [0x00000000c8000000,0x00000000c80a1408,0x00000000ca580000)
 Metaspace       used 8862K, capacity 9130K, committed 9344K, reserved 1056768K
  class space    used 1176K, capacity 1297K, committed 1408K, reserved 1048576K
Event: 12.051 GC heap after
Heap after GC invocations=2 (full 0):
 PSYoungGen      total 16896K, used 2032K [0x00000000ed580000, 0x00000000ee800000, 0x0000000100000000)
  eden space 14848K, 0% used [0x00000000ed580000,0x00000000ed580000,0x00000000ee400000)
  from space 2048K, 99% used [0x00000000ee600000,0x00000000ee7fc010,0x00000000ee800000)
  to   space 2048K, 0% used [0x00000000ee400000,0x00000000ee400000,0x00000000ee600000)
 ParOldGen       total 38400K, used 2197K [0x00000000c8000000, 0x00000000ca580000, 0x00000000ed580000)
  object space 38400K, 5% used [0x00000000c8000000,0x00000000c8225690,0x00000000ca580000)
 Metaspace       used 8862K, capacity 9130K, committed 9344K, reserved 1056768K
  class space    used 1176K, capacity 1297K, committed 1408K, reserved 1048576K
}

