# JRE version: OpenJDK Runtime Environment (8.0_202-b03) (build 1.8.0_202-release-1483-b03)
# Java VM: OpenJDK 64-Bit Server VM (25.202-b03 mixed mode windows-amd64 compressed oops)
Heap:
 PSYoungGen      total 103936K, used 42484K [0x00000000e0000000, 0x00000000e6f80000, 0x0000000100000000)
  eden space 96256K, 44% used [0x00000000e0000000,0x00000000e297d3f0,0x00000000e5e00000)
  from space 7680K, 0% used [0x00000000e6580000,0x00000000e6580000,0x00000000e6d00000)
  to   space 7680K, 0% used [0x00000000e5e00000,0x00000000e5e00000,0x00000000e6580000)
 ParOldGen       total 44032K, used 14878K [0x00000000a0000000, 0x00000000a2b00000, 0x00000000e0000000)
  object space 44032K, 33% used [0x00000000a0000000,0x00000000a0e879c0,0x00000000a2b00000)
 Metaspace       used 38545K, capacity 39216K, committed 39512K, reserved 1083392K
  class space    used 5269K, capacity 5503K, committed 5504K, reserved 1048576K
GC Heap History (10 events):
Event: 17.048 GC heap before
{Heap before GC invocations=12 (full 1):
 PSYoungGen      total 53248K, used 47616K [0x00000000e0000000, 0x00000000e3980000, 0x0000000100000000)
  eden space 47616K, 100% used [0x00000000e0000000,0x00000000e2e80000,0x00000000e2e80000)
  from space 5632K, 0% used [0x00000000e3400000,0x00000000e3400000,0x00000000e3980000)
  to   space 5632K, 0% used [0x00000000e2e80000,0x00000000e2e80000,0x00000000e3400000)
 ParOldGen       total 29696K, used 8841K [0x00000000a0000000, 0x00000000a1d00000, 0x00000000e0000000)
  object space 29696K, 29% used [0x00000000a0000000,0x00000000a08a2798,0x00000000a1d00000)
 Metaspace       used 25007K, capacity 25328K, committed 25600K, reserved 1071104K
  class space    used 3428K, capacity 3566K, committed 3584K, reserved 1048576K
Event: 17.059 GC heap after
Heap after GC invocations=12 (full 1):
 PSYoungGen      total 53248K, used 5617K [0x00000000e0000000, 0x00000000e4e80000, 0x0000000100000000)
  eden space 47616K, 0% used [0x00000000e0000000,0x00000000e0000000,0x00000000e2e80000)
  from space 5632K, 99% used [0x00000000e2e80000,0x00000000e33fc6f0,0x00000000e3400000)
  to   space 6144K, 0% used [0x00000000e4880000,0x00000000e4880000,0x00000000e4e80000)
 ParOldGen       total 29696K, used 8849K [0x00000000a0000000, 0x00000000a1d00000, 0x00000000e0000000)
  object space 29696K, 29% used [0x00000000a0000000,0x00000000a08a4798,0x00000000a1d00000)
 Metaspace       used 25007K, capacity 25328K, committed 25600K, reserved 1071104K
  class space    used 3428K, capacity 3566K, committed 3584K, reserved 1048576K
}
Event: 18.121 GC heap before
{Heap before GC invocations=13 (full 1):
 PSYoungGen      total 53248K, used 53233K [0x00000000e0000000, 0x00000000e4e80000, 0x0000000100000000)
  eden space 47616K, 100% used [0x00000000e0000000,0x00000000e2e80000,0x00000000e2e80000)
  from space 5632K, 99% used [0x00000000e2e80000,0x00000000e33fc6f0,0x00000000e3400000)
  to   space 6144K, 0% used [0x00000000e4880000,0x00000000e4880000,0x00000000e4e80000)
 ParOldGen       total 29696K, used 8849K [0x00000000a0000000, 0x00000000a1d00000, 0x00000000e0000000)
  object space 29696K, 29% used [0x00000000a0000000,0x00000000a08a4798,0x00000000a1d00000)
 Metaspace       used 28015K, capacity 28436K, committed 28672K, reserved 1073152K
  class space    used 3869K, capacity 4025K, committed 4096K, reserved 1048576K
Event: 18.142 GC heap after
Heap after GC invocations=13 (full 1):
 PSYoungGen      total 74240K, used 4399K [0x00000000e0000000, 0x00000000e4f00000, 0x0000000100000000)
  eden space 68096K, 0% used [0x00000000e0000000,0x00000000e0000000,0x00000000e4280000)
  from space 6144K, 71% used [0x00000000e4880000,0x00000000e4ccbfe8,0x00000000e4e80000)
  to   space 6144K, 0% used [0x00000000e4280000,0x00000000e4280000,0x00000000e4880000)
 ParOldGen       total 29696K, used 11370K [0x00000000a0000000, 0x00000000a1d00000, 0x00000000e0000000)
  object space 29696K, 38% used [0x00000000a0000000,0x00000000a0b1a818,0x00000000a1d00000)
 Metaspace       used 28015K, capacity 28436K, committed 28672K, reserved 1073152K
  class space    used 3869K, capacity 4025K, committed 4096K, reserved 1048576K
}
Event: 26.806 GC heap before
{Heap before GC invocations=14 (full 1):
 PSYoungGen      total 74240K, used 72495K [0x00000000e0000000, 0x00000000e4f00000, 0x0000000100000000)
  eden space 68096K, 100% used [0x00000000e0000000,0x00000000e4280000,0x00000000e4280000)
  from space 6144K, 71% used [0x00000000e4880000,0x00000000e4ccbfe8,0x00000000e4e80000)
  to   space 6144K, 0% used [0x00000000e4280000,0x00000000e4280000,0x00000000e4880000)
 ParOldGen       total 29696K, used 11370K [0x00000000a0000000, 0x00000000a1d00000, 0x00000000e0000000)
  object space 29696K, 38% used [0x00000000a0000000,0x00000000a0b1a818,0x00000000a1d00000)
 Metaspace       used 33664K, capacity 34282K, committed 34688K, reserved 1079296K
  class space    used 4658K, capacity 4868K, committed 4992K, reserved 1048576K
Event: 26.820 GC heap after
Heap after GC invocations=14 (full 1):
 PSYoungGen      total 74240K, used 6118K [0x00000000e0000000, 0x00000000e6d00000, 0x0000000100000000)
  eden space 68096K, 0% used [0x00000000e0000000,0x00000000e0000000,0x00000000e4280000)
  from space 6144K, 99% used [0x00000000e4280000,0x00000000e4879a88,0x00000000e4880000)
  to   space 7680K, 0% used [0x00000000e6580000,0x00000000e6580000,0x00000000e6d00000)
 ParOldGen       total 29696K, used 13682K [0x00000000a0000000, 0x00000000a1d00000, 0x00000000e0000000)
  object space 29696K, 46% used [0x00000000a0000000,0x00000000a0d5cab0,0x00000000a1d00000)
 Metaspace       used 33664K, capacity 34282K, committed 34688K, reserved 1079296K
  class space    used 4658K, capacity 4868K, committed 4992K, reserved 1048576K
}
Event: 27.077 GC heap before
{Heap before GC invocations=15 (full 1):
 PSYoungGen      total 74240K, used 15032K [0x00000000e0000000, 0x00000000e6d00000, 0x0000000100000000)
  eden space 68096K, 13% used [0x00000000e0000000,0x00000000e08b4838,0x00000000e4280000)
  from space 6144K, 99% used [0x00000000e4280000,0x00000000e4879a88,0x00000000e4880000)
  to   space 7680K, 0% used [0x00000000e6580000,0x00000000e6580000,0x00000000e6d00000)
 ParOldGen       total 29696K, used 13682K [0x00000000a0000000, 0x00000000a1d00000, 0x00000000e0000000)
  object space 29696K, 46% used [0x00000000a0000000,0x00000000a0d5cab0,0x00000000a1d00000)
 Metaspace       used 34715K, capacity 35274K, committed 35416K, reserved 1079296K
  class space    used 4762K, capacity 4964K, committed 4992K, reserved 1048576K
Event: 27.084 GC heap after
Heap after GC invocations=15 (full 1):
 PSYoungGen      total 103936K, used 1090K [0x00000000e0000000, 0x00000000e6f80000, 0x0000000100000000)
  eden space 96256K, 0% used [0x00000000e0000000,0x00000000e0000000,0x00000000e5e00000)
  from space 7680K, 14% used [0x00000000e6580000,0x00000000e6690ab8,0x00000000e6d00000)
  to   space 7680K, 0% used [0x00000000e5e00000,0x00000000e5e00000,0x00000000e6580000)
 ParOldGen       total 29696K, used 16306K [0x00000000a0000000, 0x00000000a1d00000, 0x00000000e0000000)
  object space 29696K, 54% used [0x00000000a0000000,0x00000000a0fecb80,0x00000000a1d00000)
 Metaspace       used 34715K, capacity 35274K, committed 35416K, reserved 1079296K
  class space    used 4762K, capacity 4964K, committed 4992K, reserved 1048576K
}
Event: 27.084 GC heap before
{Heap before GC invocations=16 (full 2):
 PSYoungGen      total 103936K, used 1090K [0x00000000e0000000, 0x00000000e6f80000, 0x0000000100000000)
  eden space 96256K, 0% used [0x00000000e0000000,0x00000000e0000000,0x00000000e5e00000)
  from space 7680K, 14% used [0x00000000e6580000,0x00000000e6690ab8,0x00000000e6d00000)
  to   space 7680K, 0% used [0x00000000e5e00000,0x00000000e5e00000,0x00000000e6580000)
 ParOldGen       total 29696K, used 16306K [0x00000000a0000000, 0x00000000a1d00000, 0x00000000e0000000)
  object space 29696K, 54% used [0x00000000a0000000,0x00000000a0fecb80,0x00000000a1d00000)
 Metaspace       used 34715K, capacity 35274K, committed 35416K, reserved 1079296K
  class space    used 4762K, capacity 4964K, committed 4992K, reserved 1048576K
Event: 27.211 GC heap after
Heap after GC invocations=16 (full 2):
 PSYoungGen      total 103936K, used 0K [0x00000000e0000000, 0x00000000e6f80000, 0x0000000100000000)
  eden space 96256K, 0% used [0x00000000e0000000,0x00000000e0000000,0x00000000e5e00000)
  from space 7680K, 0% used [0x00000000e6580000,0x00000000e6580000,0x00000000e6d00000)
  to   space 7680K, 0% used [0x00000000e5e00000,0x00000000e5e00000,0x00000000e6580000)
 ParOldGen       total 44032K, used 14878K [0x00000000a0000000, 0x00000000a2b00000, 0x00000000e0000000)
  object space 44032K, 33% used [0x00000000a0000000,0x00000000a0e879c0,0x00000000a2b00000)
 Metaspace       used 34715K, capacity 35274K, committed 35416K, reserved 1079296K
  class space    used 4762K, capacity 4964K, committed 4992K, reserved 1048576K
}

