# JRE version: OpenJDK Runtime Environment (8.0_202-b03) (build 1.8.0_202-release-1483-b03)
# Java VM: OpenJDK 64-Bit Server VM (25.202-b03 mixed mode windows-amd64 compressed oops)
Heap:
 PSYoungGen      total 396288K, used 207631K [0x00000000e0000000, 0x00000000ff200000, 0x0000000100000000)
  eden space 322048K, 64% used [0x00000000e0000000,0x00000000ecac3d70,0x00000000f3a80000)
  from space 74240K, 0% used [0x00000000f8580000,0x00000000f8580000,0x00000000fce00000)
  to   space 76800K, 0% used [0x00000000f3a80000,0x00000000f3a80000,0x00000000f8580000)
 ParOldGen       total 204800K, used 111285K [0x00000000a0000000, 0x00000000ac800000, 0x00000000e0000000)
  object space 204800K, 54% used [0x00000000a0000000,0x00000000a6cad410,0x00000000ac800000)
 Metaspace       used 101294K, capacity 105612K, committed 105688K, reserved 1140736K
  class space    used 12931K, capacity 13808K, committed 13824K, reserved 1048576K
GC Heap History (10 events):
Event: 167.214 GC heap before
{Heap before GC invocations=21 (full 4):
 PSYoungGen      total 262656K, used 241463K [0x00000000e0000000, 0x00000000f5100000, 0x0000000100000000)
  eden space 235008K, 100% used [0x00000000e0000000,0x00000000ee580000,0x00000000ee580000)
  from space 27648K, 23% used [0x00000000f1100000,0x00000000f174de50,0x00000000f2c00000)
  to   space 44544K, 0% used [0x00000000ee580000,0x00000000ee580000,0x00000000f1100000)
 ParOldGen       total 164352K, used 88855K [0x00000000a0000000, 0x00000000aa080000, 0x00000000e0000000)
  object space 164352K, 54% used [0x00000000a0000000,0x00000000a56c5e98,0x00000000aa080000)
 Metaspace       used 93578K, capacity 96850K, committed 96984K, reserved 1134592K
  class space    used 12050K, capacity 12753K, committed 12800K, reserved 1048576K
Event: 167.371 GC heap after
Heap after GC invocations=21 (full 4):
 PSYoungGen      total 279552K, used 43260K [0x00000000e0000000, 0x00000000f7500000, 0x0000000100000000)
  eden space 235008K, 0% used [0x00000000e0000000,0x00000000e0000000,0x00000000ee580000)
  from space 44544K, 97% used [0x00000000ee580000,0x00000000f0fbf2e8,0x00000000f1100000)
  to   space 51712K, 0% used [0x00000000f4280000,0x00000000f4280000,0x00000000f7500000)
 ParOldGen       total 164352K, used 95040K [0x00000000a0000000, 0x00000000aa080000, 0x00000000e0000000)
  object space 164352K, 57% used [0x00000000a0000000,0x00000000a5cd00a8,0x00000000aa080000)
 Metaspace       used 93578K, capacity 96850K, committed 96984K, reserved 1134592K
  class space    used 12050K, capacity 12753K, committed 12800K, reserved 1048576K
}
Event: 173.696 GC heap before
{Heap before GC invocations=22 (full 4):
 PSYoungGen      total 279552K, used 278268K [0x00000000e0000000, 0x00000000f7500000, 0x0000000100000000)
  eden space 235008K, 100% used [0x00000000e0000000,0x00000000ee580000,0x00000000ee580000)
  from space 44544K, 97% used [0x00000000ee580000,0x00000000f0fbf2e8,0x00000000f1100000)
  to   space 51712K, 0% used [0x00000000f4280000,0x00000000f4280000,0x00000000f7500000)
 ParOldGen       total 164352K, used 95040K [0x00000000a0000000, 0x00000000aa080000, 0x00000000e0000000)
  object space 164352K, 57% used [0x00000000a0000000,0x00000000a5cd00a8,0x00000000aa080000)
 Metaspace       used 99179K, capacity 103372K, committed 103640K, reserved 1138688K
  class space    used 12685K, capacity 13544K, committed 13568K, reserved 1048576K
Event: 173.788 GC heap after
Heap after GC invocations=22 (full 4):
 PSYoungGen      total 328192K, used 27724K [0x00000000e0000000, 0x00000000f7400000, 0x0000000100000000)
  eden space 277504K, 0% used [0x00000000e0000000,0x00000000e0000000,0x00000000f0f00000)
  from space 50688K, 54% used [0x00000000f4280000,0x00000000f5d93058,0x00000000f7400000)
  to   space 51712K, 0% used [0x00000000f0f00000,0x00000000f0f00000,0x00000000f4180000)
 ParOldGen       total 164352K, used 95048K [0x00000000a0000000, 0x00000000aa080000, 0x00000000e0000000)
  object space 164352K, 57% used [0x00000000a0000000,0x00000000a5cd20a8,0x00000000aa080000)
 Metaspace       used 99179K, capacity 103372K, committed 103640K, reserved 1138688K
  class space    used 12685K, capacity 13544K, committed 13568K, reserved 1048576K
}
Event: 184.419 GC heap before
{Heap before GC invocations=23 (full 4):
 PSYoungGen      total 328192K, used 303151K [0x00000000e0000000, 0x00000000f7400000, 0x0000000100000000)
  eden space 277504K, 99% used [0x00000000e0000000,0x00000000f0cf8c50,0x00000000f0f00000)
  from space 50688K, 54% used [0x00000000f4280000,0x00000000f5d93058,0x00000000f7400000)
  to   space 51712K, 0% used [0x00000000f0f00000,0x00000000f0f00000,0x00000000f4180000)
 ParOldGen       total 164352K, used 95048K [0x00000000a0000000, 0x00000000aa080000, 0x00000000e0000000)
  object space 164352K, 57% used [0x00000000a0000000,0x00000000a5cd20a8,0x00000000aa080000)
 Metaspace       used 100572K, capacity 104760K, committed 104792K, reserved 1140736K
  class space    used 12855K, capacity 13690K, committed 13696K, reserved 1048576K
Event: 184.526 GC heap after
Heap after GC invocations=23 (full 4):
 PSYoungGen      total 329216K, used 51683K [0x00000000e0000000, 0x00000000fce00000, 0x0000000100000000)
  eden space 277504K, 0% used [0x00000000e0000000,0x00000000e0000000,0x00000000f0f00000)
  from space 51712K, 99% used [0x00000000f0f00000,0x00000000f4178c48,0x00000000f4180000)
  to   space 74240K, 0% used [0x00000000f8580000,0x00000000f8580000,0x00000000fce00000)
 ParOldGen       total 164352K, used 132237K [0x00000000a0000000, 0x00000000aa080000, 0x00000000e0000000)
  object space 164352K, 80% used [0x00000000a0000000,0x00000000a81237e8,0x00000000aa080000)
 Metaspace       used 100572K, capacity 104760K, committed 104792K, reserved 1140736K
  class space    used 12855K, capacity 13690K, committed 13696K, reserved 1048576K
}
Event: 185.318 GC heap before
{Heap before GC invocations=24 (full 4):
 PSYoungGen      total 329216K, used 328941K [0x00000000e0000000, 0x00000000fce00000, 0x0000000100000000)
  eden space 277504K, 99% used [0x00000000e0000000,0x00000000f0ec2b10,0x00000000f0f00000)
  from space 51712K, 99% used [0x00000000f0f00000,0x00000000f4178c48,0x00000000f4180000)
  to   space 74240K, 0% used [0x00000000f8580000,0x00000000f8580000,0x00000000fce00000)
 ParOldGen       total 164352K, used 132237K [0x00000000a0000000, 0x00000000aa080000, 0x00000000e0000000)
  object space 164352K, 80% used [0x00000000a0000000,0x00000000a81237e8,0x00000000aa080000)
 Metaspace       used 100724K, capacity 105024K, committed 105176K, reserved 1140736K
  class space    used 12873K, capacity 13732K, committed 13824K, reserved 1048576K
Event: 185.454 GC heap after
Heap after GC invocations=24 (full 4):
 PSYoungGen      total 396288K, used 47165K [0x00000000e0000000, 0x00000000ff200000, 0x0000000100000000)
  eden space 322048K, 0% used [0x00000000e0000000,0x00000000e0000000,0x00000000f3a80000)
  from space 74240K, 63% used [0x00000000f8580000,0x00000000fb38f6e8,0x00000000fce00000)
  to   space 76800K, 0% used [0x00000000f3a80000,0x00000000f3a80000,0x00000000f8580000)
 ParOldGen       total 164352K, used 156502K [0x00000000a0000000, 0x00000000aa080000, 0x00000000e0000000)
  object space 164352K, 95% used [0x00000000a0000000,0x00000000a98d5a40,0x00000000aa080000)
 Metaspace       used 100724K, capacity 105024K, committed 105176K, reserved 1140736K
  class space    used 12873K, capacity 13732K, committed 13824K, reserved 1048576K
}
Event: 185.454 GC heap before
{Heap before GC invocations=25 (full 5):
 PSYoungGen      total 396288K, used 47165K [0x00000000e0000000, 0x00000000ff200000, 0x0000000100000000)
  eden space 322048K, 0% used [0x00000000e0000000,0x00000000e0000000,0x00000000f3a80000)
  from space 74240K, 63% used [0x00000000f8580000,0x00000000fb38f6e8,0x00000000fce00000)
  to   space 76800K, 0% used [0x00000000f3a80000,0x00000000f3a80000,0x00000000f8580000)
 ParOldGen       total 164352K, used 156502K [0x00000000a0000000, 0x00000000aa080000, 0x00000000e0000000)
  object space 164352K, 95% used [0x00000000a0000000,0x00000000a98d5a40,0x00000000aa080000)
 Metaspace       used 100724K, capacity 105024K, committed 105176K, reserved 1140736K
  class space    used 12873K, capacity 13732K, committed 13824K, reserved 1048576K
Event: 185.746 GC heap after
Heap after GC invocations=25 (full 5):
 PSYoungGen      total 396288K, used 0K [0x00000000e0000000, 0x00000000ff200000, 0x0000000100000000)
  eden space 322048K, 0% used [0x00000000e0000000,0x00000000e0000000,0x00000000f3a80000)
  from space 74240K, 0% used [0x00000000f8580000,0x00000000f8580000,0x00000000fce00000)
  to   space 76800K, 0% used [0x00000000f3a80000,0x00000000f3a80000,0x00000000f8580000)
 ParOldGen       total 204800K, used 111285K [0x00000000a0000000, 0x00000000ac800000, 0x00000000e0000000)
  object space 204800K, 54% used [0x00000000a0000000,0x00000000a6cad410,0x00000000ac800000)
 Metaspace       used 100709K, capacity 104992K, committed 105176K, reserved 1140736K
  class space    used 12868K, capacity 13722K, committed 13824K, reserved 1048576K
}

