# JRE version: OpenJDK Runtime Environment (8.0_202-b03) (build 1.8.0_202-release-1483-b03)
# Java VM: OpenJDK 64-Bit Server VM (25.202-b03 mixed mode windows-amd64 compressed oops)
Heap:
 PSYoungGen      total 207872K, used 65608K [0x00000000e0000000, 0x00000000ef200000, 0x0000000100000000)
  eden space 192000K, 25% used [0x00000000e0000000,0x00000000e3092ca0,0x00000000ebb80000)
  from space 15872K, 99% used [0x00000000ed300000,0x00000000ee27f470,0x00000000ee280000)
  to   space 24064K, 0% used [0x00000000ebb80000,0x00000000ebb80000,0x00000000ed300000)
 ParOldGen       total 76288K, used 55699K [0x00000000a0000000, 0x00000000a4a80000, 0x00000000e0000000)
  object space 76288K, 73% used [0x00000000a0000000,0x00000000a3664e30,0x00000000a4a80000)
 Metaspace       used 86175K, capacity 88652K, committed 88792K, reserved 1126400K
  class space    used 11151K, capacity 11771K, committed 11776K, reserved 1048576K
GC Heap History (10 events):
Event: 49.410 GC heap before
{Heap before GC invocations=19 (full 2):
 PSYoungGen      total 146432K, used 144497K [0x00000000e0000000, 0x00000000e9c80000, 0x0000000100000000)
  eden space 137728K, 100% used [0x00000000e0000000,0x00000000e8680000,0x00000000e8680000)
  from space 8704K, 77% used [0x00000000e9400000,0x00000000e9a9c690,0x00000000e9c80000)
  to   space 11264K, 0% used [0x00000000e8680000,0x00000000e8680000,0x00000000e9180000)
 ParOldGen       total 41984K, used 28174K [0x00000000a0000000, 0x00000000a2900000, 0x00000000e0000000)
  object space 41984K, 67% used [0x00000000a0000000,0x00000000a1b83980,0x00000000a2900000)
 Metaspace       used 52966K, capacity 54416K, committed 54744K, reserved 1095680K
  class space    used 7173K, capacity 7580K, committed 7680K, reserved 1048576K
Event: 49.435 GC heap after
Heap after GC invocations=19 (full 2):
 PSYoungGen      total 148992K, used 7718K [0x00000000e0000000, 0x00000000ebe00000, 0x0000000100000000)
  eden space 137728K, 0% used [0x00000000e0000000,0x00000000e0000000,0x00000000e8680000)
  from space 11264K, 68% used [0x00000000e8680000,0x00000000e8e09a78,0x00000000e9180000)
  to   space 11776K, 0% used [0x00000000eb280000,0x00000000eb280000,0x00000000ebe00000)
 ParOldGen       total 41984K, used 32582K [0x00000000a0000000, 0x00000000a2900000, 0x00000000e0000000)
  object space 41984K, 77% used [0x00000000a0000000,0x00000000a1fd1a88,0x00000000a2900000)
 Metaspace       used 52966K, capacity 54416K, committed 54744K, reserved 1095680K
  class space    used 7173K, capacity 7580K, committed 7680K, reserved 1048576K
}
Event: 51.850 GC heap before
{Heap before GC invocations=20 (full 2):
 PSYoungGen      total 148992K, used 105123K [0x00000000e0000000, 0x00000000ebe00000, 0x0000000100000000)
  eden space 137728K, 70% used [0x00000000e0000000,0x00000000e5f1f508,0x00000000e8680000)
  from space 11264K, 68% used [0x00000000e8680000,0x00000000e8e09a78,0x00000000e9180000)
  to   space 11776K, 0% used [0x00000000eb280000,0x00000000eb280000,0x00000000ebe00000)
 ParOldGen       total 41984K, used 32582K [0x00000000a0000000, 0x00000000a2900000, 0x00000000e0000000)
  object space 41984K, 77% used [0x00000000a0000000,0x00000000a1fd1a88,0x00000000a2900000)
 Metaspace       used 57123K, capacity 58932K, committed 58968K, reserved 1099776K
  class space    used 7802K, capacity 8301K, committed 8320K, reserved 1048576K
Event: 51.880 GC heap after
Heap after GC invocations=20 (full 2):
 PSYoungGen      total 181248K, used 10769K [0x00000000e0000000, 0x00000000ec200000, 0x0000000100000000)
  eden space 169472K, 0% used [0x00000000e0000000,0x00000000e0000000,0x00000000ea580000)
  from space 11776K, 91% used [0x00000000eb280000,0x00000000ebd04648,0x00000000ebe00000)
  to   space 13312K, 0% used [0x00000000ea580000,0x00000000ea580000,0x00000000eb280000)
 ParOldGen       total 41984K, used 34935K [0x00000000a0000000, 0x00000000a2900000, 0x00000000e0000000)
  object space 41984K, 83% used [0x00000000a0000000,0x00000000a221dda8,0x00000000a2900000)
 Metaspace       used 57123K, capacity 58932K, committed 58968K, reserved 1099776K
  class space    used 7802K, capacity 8301K, committed 8320K, reserved 1048576K
}
Event: 51.880 GC heap before
{Heap before GC invocations=21 (full 3):
 PSYoungGen      total 181248K, used 10769K [0x00000000e0000000, 0x00000000ec200000, 0x0000000100000000)
  eden space 169472K, 0% used [0x00000000e0000000,0x00000000e0000000,0x00000000ea580000)
  from space 11776K, 91% used [0x00000000eb280000,0x00000000ebd04648,0x00000000ebe00000)
  to   space 13312K, 0% used [0x00000000ea580000,0x00000000ea580000,0x00000000eb280000)
 ParOldGen       total 41984K, used 34935K [0x00000000a0000000, 0x00000000a2900000, 0x00000000e0000000)
  object space 41984K, 83% used [0x00000000a0000000,0x00000000a221dda8,0x00000000a2900000)
 Metaspace       used 57123K, capacity 58932K, committed 58968K, reserved 1099776K
  class space    used 7802K, capacity 8301K, committed 8320K, reserved 1048576K
Event: 52.210 GC heap after
Heap after GC invocations=21 (full 3):
 PSYoungGen      total 181248K, used 0K [0x00000000e0000000, 0x00000000ec200000, 0x0000000100000000)
  eden space 169472K, 0% used [0x00000000e0000000,0x00000000e0000000,0x00000000ea580000)
  from space 11776K, 0% used [0x00000000eb280000,0x00000000eb280000,0x00000000ebe00000)
  to   space 13312K, 0% used [0x00000000ea580000,0x00000000ea580000,0x00000000eb280000)
 ParOldGen       total 76288K, used 38695K [0x00000000a0000000, 0x00000000a4a80000, 0x00000000e0000000)
  object space 76288K, 50% used [0x00000000a0000000,0x00000000a25c9c98,0x00000000a4a80000)
 Metaspace       used 57123K, capacity 58932K, committed 58968K, reserved 1099776K
  class space    used 7802K, capacity 8301K, committed 8320K, reserved 1048576K
}
Event: 159.100 GC heap before
{Heap before GC invocations=22 (full 3):
 PSYoungGen      total 181248K, used 169472K [0x00000000e0000000, 0x00000000ec200000, 0x0000000100000000)
  eden space 169472K, 100% used [0x00000000e0000000,0x00000000ea580000,0x00000000ea580000)
  from space 11776K, 0% used [0x00000000eb280000,0x00000000eb280000,0x00000000ebe00000)
  to   space 13312K, 0% used [0x00000000ea580000,0x00000000ea580000,0x00000000eb280000)
 ParOldGen       total 76288K, used 38695K [0x00000000a0000000, 0x00000000a4a80000, 0x00000000e0000000)
  object space 76288K, 50% used [0x00000000a0000000,0x00000000a25c9c98,0x00000000a4a80000)
 Metaspace       used 66574K, capacity 68688K, committed 68952K, reserved 1107968K
  class space    used 9019K, capacity 9576K, committed 9600K, reserved 1048576K
Event: 159.133 GC heap after
Heap after GC invocations=22 (full 3):
 PSYoungGen      total 182784K, used 13305K [0x00000000e0000000, 0x00000000ee280000, 0x0000000100000000)
  eden space 169472K, 0% used [0x00000000e0000000,0x00000000e0000000,0x00000000ea580000)
  from space 13312K, 99% used [0x00000000ea580000,0x00000000eb27e4b0,0x00000000eb280000)
  to   space 15872K, 0% used [0x00000000ed300000,0x00000000ed300000,0x00000000ee280000)
 ParOldGen       total 76288K, used 41348K [0x00000000a0000000, 0x00000000a4a80000, 0x00000000e0000000)
  object space 76288K, 54% used [0x00000000a0000000,0x00000000a2861090,0x00000000a4a80000)
 Metaspace       used 66574K, capacity 68688K, committed 68952K, reserved 1107968K
  class space    used 9019K, capacity 9576K, committed 9600K, reserved 1048576K
}
Event: 166.667 GC heap before
{Heap before GC invocations=23 (full 3):
 PSYoungGen      total 182784K, used 182777K [0x00000000e0000000, 0x00000000ee280000, 0x0000000100000000)
  eden space 169472K, 100% used [0x00000000e0000000,0x00000000ea580000,0x00000000ea580000)
  from space 13312K, 99% used [0x00000000ea580000,0x00000000eb27e4b0,0x00000000eb280000)
  to   space 15872K, 0% used [0x00000000ed300000,0x00000000ed300000,0x00000000ee280000)
 ParOldGen       total 76288K, used 41348K [0x00000000a0000000, 0x00000000a4a80000, 0x00000000e0000000)
  object space 76288K, 54% used [0x00000000a0000000,0x00000000a2861090,0x00000000a4a80000)
 Metaspace       used 82721K, capacity 85048K, committed 85464K, reserved 1124352K
  class space    used 10848K, capacity 11459K, committed 11520K, reserved 1048576K
Event: 166.717 GC heap after
Heap after GC invocations=23 (full 3):
 PSYoungGen      total 207872K, used 15869K [0x00000000e0000000, 0x00000000ef200000, 0x0000000100000000)
  eden space 192000K, 0% used [0x00000000e0000000,0x00000000e0000000,0x00000000ebb80000)
  from space 15872K, 99% used [0x00000000ed300000,0x00000000ee27f470,0x00000000ee280000)
  to   space 24064K, 0% used [0x00000000ebb80000,0x00000000ebb80000,0x00000000ed300000)
 ParOldGen       total 76288K, used 55699K [0x00000000a0000000, 0x00000000a4a80000, 0x00000000e0000000)
  object space 76288K, 73% used [0x00000000a0000000,0x00000000a3664e30,0x00000000a4a80000)
 Metaspace       used 82721K, capacity 85048K, committed 85464K, reserved 1124352K
  class space    used 10848K, capacity 11459K, committed 11520K, reserved 1048576K
}

