# JRE version: OpenJDK Runtime Environment (8.0_202-b03) (build 1.8.0_202-release-1483-b03)
# Java VM: OpenJDK 64-Bit Server VM (25.202-b03 mixed mode windows-amd64 compressed oops)
Heap:
 PSYoungGen      total 186880K, used 120723K [0x00000000e0000000, 0x00000000ef080000, 0x0000000100000000)
  eden space 173568K, 61% used [0x00000000e0000000,0x00000000e68ea6f8,0x00000000ea980000)
  from space 13312K, 99% used [0x00000000ea980000,0x00000000eb67a890,0x00000000eb680000)
  to   space 17408K, 0% used [0x00000000edf80000,0x00000000edf80000,0x00000000ef080000)
 ParOldGen       total 59904K, used 21948K [0x00000000a0000000, 0x00000000a3a80000, 0x00000000e0000000)
  object space 59904K, 36% used [0x00000000a0000000,0x00000000a156f340,0x00000000a3a80000)
 Metaspace       used 49667K, capacity 50754K, committed 51032K, reserved 1093632K
  class space    used 6650K, capacity 6994K, committed 7040K, reserved 1048576K
GC Heap History (10 events):
Event: 3.129 GC heap before
{Heap before GC invocations=7 (full 1):
 PSYoungGen      total 127488K, used 3769K [0x00000000e0000000, 0x00000000e8600000, 0x0000000100000000)
  eden space 118784K, 0% used [0x00000000e0000000,0x00000000e0000000,0x00000000e7400000)
  from space 8704K, 43% used [0x00000000e7d80000,0x00000000e812e790,0x00000000e8600000)
  to   space 9216K, 0% used [0x00000000e7400000,0x00000000e7400000,0x00000000e7d00000)
 ParOldGen       total 38400K, used 14299K [0x00000000a0000000, 0x00000000a2580000, 0x00000000e0000000)
  object space 38400K, 37% used [0x00000000a0000000,0x00000000a0df6c20,0x00000000a2580000)
 Metaspace       used 20762K, capacity 21114K, committed 21248K, reserved 1067008K
  class space    used 2894K, capacity 3039K, committed 3072K, reserved 1048576K
Event: 3.206 GC heap after
Heap after GC invocations=7 (full 1):
 PSYoungGen      total 127488K, used 0K [0x00000000e0000000, 0x00000000e8600000, 0x0000000100000000)
  eden space 118784K, 0% used [0x00000000e0000000,0x00000000e0000000,0x00000000e7400000)
  from space 8704K, 0% used [0x00000000e7d80000,0x00000000e7d80000,0x00000000e8600000)
  to   space 9216K, 0% used [0x00000000e7400000,0x00000000e7400000,0x00000000e7d00000)
 ParOldGen       total 45056K, used 14932K [0x00000000a0000000, 0x00000000a2c00000, 0x00000000e0000000)
  object space 45056K, 33% used [0x00000000a0000000,0x00000000a0e951a8,0x00000000a2c00000)
 Metaspace       used 20762K, capacity 21114K, committed 21248K, reserved 1067008K
  class space    used 2894K, capacity 3039K, committed 3072K, reserved 1048576K
}
Event: 5.306 GC heap before
{Heap before GC invocations=8 (full 1):
 PSYoungGen      total 127488K, used 118784K [0x00000000e0000000, 0x00000000e8600000, 0x0000000100000000)
  eden space 118784K, 100% used [0x00000000e0000000,0x00000000e7400000,0x00000000e7400000)
  from space 8704K, 0% used [0x00000000e7d80000,0x00000000e7d80000,0x00000000e8600000)
  to   space 9216K, 0% used [0x00000000e7400000,0x00000000e7400000,0x00000000e7d00000)
 ParOldGen       total 45056K, used 14932K [0x00000000a0000000, 0x00000000a2c00000, 0x00000000e0000000)
  object space 45056K, 33% used [0x00000000a0000000,0x00000000a0e951a8,0x00000000a2c00000)
 Metaspace       used 29080K, capacity 29492K, committed 29824K, reserved 1075200K
  class space    used 4030K, capacity 4185K, committed 4224K, reserved 1048576K
Event: 5.328 GC heap after
Heap after GC invocations=8 (full 1):
 PSYoungGen      total 128000K, used 9214K [0x00000000e0000000, 0x00000000ec200000, 0x0000000100000000)
  eden space 118784K, 0% used [0x00000000e0000000,0x00000000e0000000,0x00000000e7400000)
  from space 9216K, 99% used [0x00000000e7400000,0x00000000e7cff8c8,0x00000000e7d00000)
  to   space 11776K, 0% used [0x00000000eb680000,0x00000000eb680000,0x00000000ec200000)
 ParOldGen       total 45056K, used 17339K [0x00000000a0000000, 0x00000000a2c00000, 0x00000000e0000000)
  object space 45056K, 38% used [0x00000000a0000000,0x00000000a10eeff0,0x00000000a2c00000)
 Metaspace       used 29080K, capacity 29492K, committed 29824K, reserved 1075200K
  class space    used 4030K, capacity 4185K, committed 4224K, reserved 1048576K
}
Event: 6.644 GC heap before
{Heap before GC invocations=9 (full 1):
 PSYoungGen      total 128000K, used 63814K [0x00000000e0000000, 0x00000000ec200000, 0x0000000100000000)
  eden space 118784K, 45% used [0x00000000e0000000,0x00000000e3552208,0x00000000e7400000)
  from space 9216K, 99% used [0x00000000e7400000,0x00000000e7cff8c8,0x00000000e7d00000)
  to   space 11776K, 0% used [0x00000000eb680000,0x00000000eb680000,0x00000000ec200000)
 ParOldGen       total 45056K, used 17339K [0x00000000a0000000, 0x00000000a2c00000, 0x00000000e0000000)
  object space 45056K, 38% used [0x00000000a0000000,0x00000000a10eeff0,0x00000000a2c00000)
 Metaspace       used 34699K, capacity 35274K, committed 35416K, reserved 1079296K
  class space    used 4754K, capacity 4964K, committed 4992K, reserved 1048576K
Event: 6.675 GC heap after
Heap after GC invocations=9 (full 1):
 PSYoungGen      total 185344K, used 10740K [0x00000000e0000000, 0x00000000ec600000, 0x0000000100000000)
  eden space 173568K, 0% used [0x00000000e0000000,0x00000000e0000000,0x00000000ea980000)
  from space 11776K, 91% used [0x00000000eb680000,0x00000000ec0fd360,0x00000000ec200000)
  to   space 13312K, 0% used [0x00000000ea980000,0x00000000ea980000,0x00000000eb680000)
 ParOldGen       total 45056K, used 17339K [0x00000000a0000000, 0x00000000a2c00000, 0x00000000e0000000)
  object space 45056K, 38% used [0x00000000a0000000,0x00000000a10eeff0,0x00000000a2c00000)
 Metaspace       used 34699K, capacity 35274K, committed 35416K, reserved 1079296K
  class space    used 4754K, capacity 4964K, committed 4992K, reserved 1048576K
}
Event: 6.675 GC heap before
{Heap before GC invocations=10 (full 2):
 PSYoungGen      total 185344K, used 10740K [0x00000000e0000000, 0x00000000ec600000, 0x0000000100000000)
  eden space 173568K, 0% used [0x00000000e0000000,0x00000000e0000000,0x00000000ea980000)
  from space 11776K, 91% used [0x00000000eb680000,0x00000000ec0fd360,0x00000000ec200000)
  to   space 13312K, 0% used [0x00000000ea980000,0x00000000ea980000,0x00000000eb680000)
 ParOldGen       total 45056K, used 17339K [0x00000000a0000000, 0x00000000a2c00000, 0x00000000e0000000)
  object space 45056K, 38% used [0x00000000a0000000,0x00000000a10eeff0,0x00000000a2c00000)
 Metaspace       used 34699K, capacity 35274K, committed 35416K, reserved 1079296K
  class space    used 4754K, capacity 4964K, committed 4992K, reserved 1048576K
Event: 6.805 GC heap after
Heap after GC invocations=10 (full 2):
 PSYoungGen      total 185344K, used 0K [0x00000000e0000000, 0x00000000ec600000, 0x0000000100000000)
  eden space 173568K, 0% used [0x00000000e0000000,0x00000000e0000000,0x00000000ea980000)
  from space 11776K, 0% used [0x00000000eb680000,0x00000000eb680000,0x00000000ec200000)
  to   space 13312K, 0% used [0x00000000ea980000,0x00000000ea980000,0x00000000eb680000)
 ParOldGen       total 59904K, used 17344K [0x00000000a0000000, 0x00000000a3a80000, 0x00000000e0000000)
  object space 59904K, 28% used [0x00000000a0000000,0x00000000a10f03c8,0x00000000a3a80000)
 Metaspace       used 34699K, capacity 35274K, committed 35416K, reserved 1079296K
  class space    used 4754K, capacity 4964K, committed 4992K, reserved 1048576K
}
Event: 21.848 GC heap before
{Heap before GC invocations=11 (full 2):
 PSYoungGen      total 185344K, used 173568K [0x00000000e0000000, 0x00000000ec600000, 0x0000000100000000)
  eden space 173568K, 100% used [0x00000000e0000000,0x00000000ea980000,0x00000000ea980000)
  from space 11776K, 0% used [0x00000000eb680000,0x00000000eb680000,0x00000000ec200000)
  to   space 13312K, 0% used [0x00000000ea980000,0x00000000ea980000,0x00000000eb680000)
 ParOldGen       total 59904K, used 17344K [0x00000000a0000000, 0x00000000a3a80000, 0x00000000e0000000)
  object space 59904K, 28% used [0x00000000a0000000,0x00000000a10f03c8,0x00000000a3a80000)
 Metaspace       used 43749K, capacity 44812K, committed 45016K, reserved 1087488K
  class space    used 5932K, capacity 6285K, committed 6400K, reserved 1048576K
Event: 21.880 GC heap after
Heap after GC invocations=11 (full 2):
 PSYoungGen      total 186880K, used 13290K [0x00000000e0000000, 0x00000000ef080000, 0x0000000100000000)
  eden space 173568K, 0% used [0x00000000e0000000,0x00000000e0000000,0x00000000ea980000)
  from space 13312K, 99% used [0x00000000ea980000,0x00000000eb67a890,0x00000000eb680000)
  to   space 17408K, 0% used [0x00000000edf80000,0x00000000edf80000,0x00000000ef080000)
 ParOldGen       total 59904K, used 21948K [0x00000000a0000000, 0x00000000a3a80000, 0x00000000e0000000)
  object space 59904K, 36% used [0x00000000a0000000,0x00000000a156f340,0x00000000a3a80000)
 Metaspace       used 43749K, capacity 44812K, committed 45016K, reserved 1087488K
  class space    used 5932K, capacity 6285K, committed 6400K, reserved 1048576K
}

